<?xml version="1.0" encoding="UTF-8"?>
<!-- Generated by org.testng.reporters.JUnitReportReporter -->
<testsuite skipped="0" hostname="DESKTOP-6OGNLB6" name="com.amazon.app.utility.ExcelUtility" tests="1" failures="0" timestamp="02 Oct 2018 16:13:56 GMT" time="0.520" errors="0">
  <testcase name="T" time="0.520" classname="com.amazon.app.utility.ExcelUtility"/>
</testsuite> <!-- com.amazon.app.utility.ExcelUtility -->
