<?xml version="1.0" encoding="UTF-8"?>
<!-- Generated by org.testng.reporters.JUnitReportReporter -->
<testsuite skipped="0" hostname="DESKTOP-6OGNLB6" name="com.amazon.app.AmazonTest" tests="1" failures="0" timestamp="03 Oct 2018 02:32:13 GMT" time="43.938" errors="0">
  <testcase name="testAddtoCart" time="43.938" classname="com.amazon.app.AmazonTest"/>
</testsuite> <!-- com.amazon.app.AmazonTest -->
